Arguments: 
  C:\Program Files\nodejs\node.exe C:\Program Files\nodejs\node_modules\yarn\bin\yarn.js add react-select

PATH: 
  C:\Users\sarfraz\bin;C:\Program Files\Git\mingw64\bin;C:\Program Files\Git\usr\local\bin;C:\Program Files\Git\usr\bin;C:\Program Files\Git\usr\bin;C:\Program Files\Git\cmd;C:\Program Files\NVIDIA GPU Computing Toolkit\CUDA\v11.7\bin;C:\Program Files\NVIDIA GPU Computing Toolkit\CUDA\v11.7\libnvvp;C:\Program Files\Common Files\Oracle\Java\javapath;C:\Program Files (x86)\Common Files\Oracle\Java\javapath;C:\Windows\system32;C:\Windows;C:\Windows\System32\Wbem;C:\Windows\System32\WindowsPowerShell\v1.0;C:\Windows\System32\OpenSSH;C:\Program Files (x86)\NVIDIA Corporation\PhysX\Common;C:\Program Files\Git\cmd;C:\Users\sarfraz\AppData\Roaming\nvm;C:\Program Files\nodejs;C:\Program Files\NVIDIA Corporation\NVIDIA NvDLISR;C:\Program Files\dotnet;C:\Program Files\MongoDB\Tools\100\bin;C:\Program Files\SlikSvn\bin;C:\Program Files\CMake\bin;C:\ProgramData\chocolatey\bin;C:\Program Files (x86)\ZeroTier\One;C:\Users\sarfraz\Anaconda3\condabin;C:\Users\sarfraz\AppData\Local\Programs\Python\Python310;C:\Users\sarfraz\AppData\Local\Programs\Python\Python310\Scripts;C:\src\flutter\bin;C:\Users\sarfraz\AppData\Local\Pub\Cache\bin;C:\Program Files\Java\jdk-11.0.2\bin;C:\Users\sarfraz\AppData\Local\Programs\Microsoft VS Code\bin;C:\Users\sarfraz\anaconda3\bin;C:\Users\sarfraz\anaconda3\Library\mingw-w64\bin;C:\Users\sarfraz\anaconda3\Library\bin;C:\Users\sarfraz\anaconda3;C:\Users\sarfraz\anaconda3\Library\mingw-w64\bin;C:\Users\sarfraz\anaconda3\Library\usr\bin;C:\Users\sarfraz\anaconda3\Library\bin;C:\Users\sarfraz\anaconda3\Scripts;C:\Users\sarfraz\anaconda3\bin;C:\Users\sarfraz\anaconda3;C:\Program Files\NVIDIA Corporation\Nsight Compute 2022.2.1;C:\pc2\bin;C:\Program Files\Kubernetes\Minikube;C:\minikube;C:\Program Files\Docker\Docker\resources\bin;C:\Program Files\Go\bin;C:\Users\sarfraz\AppData\Roaming\nvm;C:\Program Files\nodejs;D:\Matlab\runtime\win64;D:\Matlab\bin;C:\consul;C:\Users\sarfraz\AppData\Local\pnpm;C:\Users\sarfraz\anaconda3;C:\Users\sarfraz\anaconda3\Library\mingw-w64\bin;C:\Users\sarfraz\anaconda3\Library\usr\bin;C:\Users\sarfraz\anaconda3\Library\bin;C:\Users\sarfraz\anaconda3\Scripts;C:\Users\sarfraz\scoop\apps\gcc\current\bin;C:\Users\sarfraz\scoop\shims;C:\Users\sarfraz\AppData\Local\Microsoft\WindowsApps;C:\Users\sarfraz\AppData\Roaming\nvm;C:\Program Files\nodejs;C:\Users\sarfraz\AppData\Local\Programs\Microsoft VS Code\bin;C:\Program Files\heroku\bin;C:\Users\sarfraz\AppData\Local\Programs\Hyper\resources\bin;C:\Users\sarfraz\AppData\Local\Pub\Cache\bin;C:\Users\sarfraz\go\bin;C:\Users\sarfraz\AppData\Roaming\nvm;C:\Program Files\nodejs;C:\Program Files\Git\usr\bin\vendor_perl;C:\Program Files\Git\usr\bin\core_perl

Yarn version: 
  1.22.19

Node version: 
  16.19.0

Platform: 
  win32 x64

Trace: 
  Error: ENOENT: no such file or directory, copyfile 'C:\Users\sarfraz\AppData\Local\Yarn\Cache\v6\npm-glob-parent-6.0.2-6d237d99083950c79290f24c7642a3de9a28f9e3-integrity\node_modules\glob-parent\index.js' -> 'C:\Users\sarfraz\hackJMI\website\node_modules\tailwindcss\node_modules\glob-parent\index.js'

npm manifest: 
  {
    "name": "simple-light-react",
    "version": "0.1.0",
    "scripts": {
      "dev": "vite",
      "build": "vite build",
      "preview": "vite preview"
    },
    "dependencies": {
      "@emailjs/browser": "^3.10.0",
      "@headlessui/react": "^1.7.4",
      "@tailwindcss/forms": "^0.5.2",
      "@tanstack/react-query": "^4.22.3",
      "@tanstack/react-query-devtools": "^4.22.3",
      "aos": "^3.0.0-beta.6",
      "dayjs": "^1.11.7",
      "firebase": "^9.15.0",
      "framer-motion": "^8.4.3",
      "graphql": "^16.6.0",
      "graphql-request": "^5.1.0",
      "react": "^18.2.0",
      "react-countdown": "^2.3.5",
      "react-dom": "^18.2.0",
      "react-flatpickr": "^3.10.13",
      "react-hook-form": "^7.42.0",
      "react-icons": "^4.7.1",
      "react-router-dom": "^6.3.0",
      "react-timeline-scribble": "^1.0.14",
      "react-transition-group": "^4.4.2",
      "react-use-measure": "^2.1.1",
      "react-vertical-timeline-component": "^3.5.2",
      "sticky-js": "^1.3.0"
    },
    "devDependencies": {
      "@vitejs/plugin-react": "^2.0.0",
      "autoprefixer": "^10.4.7",
      "postcss": "^8.4.14",
      "sass": "^1.53.0",
      "tailwindcss": "^3.1.6",
      "vite": "^3.0.0"
    }
  }

yarn manifest: 
  No manifest

Lockfile: 
  No lockfile
